# JRE version: Java(TM) SE Runtime Environment (7.0_71-b14) (build 1.7.0_71-b14)
# Java VM: Java HotSpot(TM) 64-Bit Server VM (24.71-b01 mixed mode bsd-amd64 compressed oops)
Heap
 PSYoungGen      total 26112K, used 3553K [0x00000007eaa80000, 0x00000007ecd80000, 0x0000000800000000)
  eden space 16384K, 21% used [0x00000007eaa80000,0x00000007eade0750,0x00000007eba80000)
  from space 9728K, 0% used [0x00000007eba80000,0x00000007eba98000,0x00000007ec400000)
  to   space 9728K, 0% used [0x00000007ec400000,0x00000007ec400000,0x00000007ecd80000)
 ParOldGen       total 43520K, used 15815K [0x00000007c0000000, 0x00000007c2a80000, 0x00000007eaa80000)
  object space 43520K, 36% used [0x00000007c0000000,0x00000007c0f71d60,0x00000007c2a80000)
 PSPermGen       total 21504K, used 13152K [0x00000007bae00000, 0x00000007bc300000, 0x00000007c0000000)
  object space 21504K, 61% used [0x00000007bae00000,0x00000007bbad8310,0x00000007bc300000)
GC Heap History (10 events):
Event: 20.268 GC heap before
{Heap before GC invocations=11 (full 0):
 PSYoungGen      total 25600K, used 19521K [0x00000007eaa80000, 0x00000007ecd80000, 0x0000000800000000)
  eden space 16384K, 92% used [0x00000007eaa80000,0x00000007eb956630,0x00000007eba80000)
  from space 9216K, 46% used [0x00000007ec480000,0x00000007ec8ba040,0x00000007ecd80000)
  to   space 9728K, 0% used [0x00000007eba80000,0x00000007eba80000,0x00000007ec400000)
 ParOldGen       total 43520K, used 15759K [0x00000007c0000000, 0x00000007c2a80000, 0x00000007eaa80000)
  object space 43520K, 36% used [0x00000007c0000000,0x00000007c0f63d60,0x00000007c2a80000)
 PSPermGen       total 21504K, used 13152K [0x00000007bae00000, 0x00000007bc300000, 0x00000007c0000000)
  object space 21504K, 61% used [0x00000007bae00000,0x00000007bbad8190,0x00000007bc300000)
Event: 20.269 GC heap after
Heap after GC invocations=11 (full 0):
 PSYoungGen      total 26112K, used 64K [0x00000007eaa80000, 0x00000007ece80000, 0x0000000800000000)
  eden space 16384K, 0% used [0x00000007eaa80000,0x00000007eaa80000,0x00000007eba80000)
  from space 9728K, 0% used [0x00000007eba80000,0x00000007eba90000,0x00000007ec400000)
  to   space 10240K, 0% used [0x00000007ec480000,0x00000007ec480000,0x00000007ece80000)
 ParOldGen       total 43520K, used 15767K [0x00000007c0000000, 0x00000007c2a80000, 0x00000007eaa80000)
  object space 43520K, 36% used [0x00000007c0000000,0x00000007c0f65d60,0x00000007c2a80000)
 PSPermGen       total 21504K, used 13152K [0x00000007bae00000, 0x00000007bc300000, 0x00000007c0000000)
  object space 21504K, 61% used [0x00000007bae00000,0x00000007bbad8190,0x00000007bc300000)
}
Event: 21.082 GC heap before
{Heap before GC invocations=12 (full 0):
 PSYoungGen      total 26112K, used 16001K [0x00000007eaa80000, 0x00000007ece80000, 0x0000000800000000)
  eden space 16384K, 97% used [0x00000007eaa80000,0x00000007eba10728,0x00000007eba80000)
  from space 9728K, 0% used [0x00000007eba80000,0x00000007eba90000,0x00000007ec400000)
  to   space 10240K, 0% used [0x00000007ec480000,0x00000007ec480000,0x00000007ece80000)
 ParOldGen       total 43520K, used 15767K [0x00000007c0000000, 0x00000007c2a80000, 0x00000007eaa80000)
  object space 43520K, 36% used [0x00000007c0000000,0x00000007c0f65d60,0x00000007c2a80000)
 PSPermGen       total 21504K, used 13152K [0x00000007bae00000, 0x00000007bc300000, 0x00000007c0000000)
  object space 21504K, 61% used [0x00000007bae00000,0x00000007bbad8190,0x00000007bc300000)
Event: 21.083 GC heap after
Heap after GC invocations=12 (full 0):
 PSYoungGen      total 26624K, used 5528K [0x00000007eaa80000, 0x00000007ece80000, 0x0000000800000000)
  eden space 16384K, 0% used [0x00000007eaa80000,0x00000007eaa80000,0x00000007eba80000)
  from space 10240K, 53% used [0x00000007ec480000,0x00000007ec9e6050,0x00000007ece80000)
  to   space 10240K, 0% used [0x00000007eba80000,0x00000007eba80000,0x00000007ec480000)
 ParOldGen       total 43520K, used 15775K [0x00000007c0000000, 0x00000007c2a80000, 0x00000007eaa80000)
  object space 43520K, 36% used [0x00000007c0000000,0x00000007c0f67d60,0x00000007c2a80000)
 PSPermGen       total 21504K, used 13152K [0x00000007bae00000, 0x00000007bc300000, 0x00000007c0000000)
  object space 21504K, 61% used [0x00000007bae00000,0x00000007bbad8190,0x00000007bc300000)
}
Event: 22.073 GC heap before
{Heap before GC invocations=13 (full 0):
 PSYoungGen      total 26624K, used 20714K [0x00000007eaa80000, 0x00000007ece80000, 0x0000000800000000)
  eden space 16384K, 92% used [0x00000007eaa80000,0x00000007eb9547b0,0x00000007eba80000)
  from space 10240K, 53% used [0x00000007ec480000,0x00000007ec9e6050,0x00000007ece80000)
  to   space 10240K, 0% used [0x00000007eba80000,0x00000007eba80000,0x00000007ec480000)
 ParOldGen       total 43520K, used 15775K [0x00000007c0000000, 0x00000007c2a80000, 0x00000007eaa80000)
  object space 43520K, 36% used [0x00000007c0000000,0x00000007c0f67d60,0x00000007c2a80000)
 PSPermGen       total 21504K, used 13152K [0x00000007bae00000, 0x00000007bc300000, 0x00000007c0000000)
  object space 21504K, 61% used [0x00000007bae00000,0x00000007bbad8190,0x00000007bc300000)
Event: 22.074 GC heap after
Heap after GC invocations=13 (full 0):
 PSYoungGen      total 26624K, used 128K [0x00000007eaa80000, 0x00000007ece80000, 0x0000000800000000)
  eden space 16384K, 0% used [0x00000007eaa80000,0x00000007eaa80000,0x00000007eba80000)
  from space 10240K, 1% used [0x00000007eba80000,0x00000007ebaa0000,0x00000007ec480000)
  to   space 10240K, 0% used [0x00000007ec480000,0x00000007ec480000,0x00000007ece80000)
 ParOldGen       total 43520K, used 15791K [0x00000007c0000000, 0x00000007c2a80000, 0x00000007eaa80000)
  object space 43520K, 36% used [0x00000007c0000000,0x00000007c0f6bd60,0x00000007c2a80000)
 PSPermGen       total 21504K, used 13152K [0x00000007bae00000, 0x00000007bc300000, 0x00000007c0000000)
  object space 21504K, 61% used [0x00000007bae00000,0x00000007bbad8190,0x00000007bc300000)
}
Event: 22.888 GC heap before
{Heap before GC invocations=14 (full 0):
 PSYoungGen      total 26624K, used 16069K [0x00000007eaa80000, 0x00000007ece80000, 0x0000000800000000)
  eden space 16384K, 97% used [0x00000007eaa80000,0x00000007eba11708,0x00000007eba80000)
  from space 10240K, 1% used [0x00000007eba80000,0x00000007ebaa0000,0x00000007ec480000)
  to   space 10240K, 0% used [0x00000007ec480000,0x00000007ec480000,0x00000007ece80000)
 ParOldGen       total 43520K, used 15791K [0x00000007c0000000, 0x00000007c2a80000, 0x00000007eaa80000)
  object space 43520K, 36% used [0x00000007c0000000,0x00000007c0f6bd60,0x00000007c2a80000)
 PSPermGen       total 21504K, used 13152K [0x00000007bae00000, 0x00000007bc300000, 0x00000007c0000000)
  object space 21504K, 61% used [0x00000007bae00000,0x00000007bbad8258,0x00000007bc300000)
Event: 22.890 GC heap after
Heap after GC invocations=14 (full 0):
 PSYoungGen      total 25600K, used 4628K [0x00000007eaa80000, 0x00000007ecd80000, 0x0000000800000000)
  eden space 16384K, 0% used [0x00000007eaa80000,0x00000007eaa80000,0x00000007eba80000)
  from space 9216K, 50% used [0x00000007ec480000,0x00000007ec905040,0x00000007ecd80000)
  to   space 9728K, 0% used [0x00000007eba80000,0x00000007eba80000,0x00000007ec400000)
 ParOldGen       total 43520K, used 15807K [0x00000007c0000000, 0x00000007c2a80000, 0x00000007eaa80000)
  object space 43520K, 36% used [0x00000007c0000000,0x00000007c0f6fd60,0x00000007c2a80000)
 PSPermGen       total 21504K, used 13152K [0x00000007bae00000, 0x00000007bc300000, 0x00000007c0000000)
  object space 21504K, 61% used [0x00000007bae00000,0x00000007bbad8258,0x00000007bc300000)
}
Event: 26.730 GC heap before
{Heap before GC invocations=15 (full 0):
 PSYoungGen      total 25600K, used 19907K [0x00000007eaa80000, 0x00000007ecd80000, 0x0000000800000000)
  eden space 16384K, 93% used [0x00000007eaa80000,0x00000007eb96bd68,0x00000007eba80000)
  from space 9216K, 50% used [0x00000007ec480000,0x00000007ec905040,0x00000007ecd80000)
  to   space 9728K, 0% used [0x00000007eba80000,0x00000007eba80000,0x00000007ec400000)
 ParOldGen       total 43520K, used 15807K [0x00000007c0000000, 0x00000007c2a80000, 0x00000007eaa80000)
  object space 43520K, 36% used [0x00000007c0000000,0x00000007c0f6fd60,0x00000007c2a80000)
 PSPermGen       total 21504K, used 13152K [0x00000007bae00000, 0x00000007bc300000, 0x00000007c0000000)
  object space 21504K, 61% used [0x00000007bae00000,0x00000007bbad8310,0x00000007bc300000)
Event: 26.731 GC heap after
Heap after GC invocations=15 (full 0):
 PSYoungGen      total 26112K, used 96K [0x00000007eaa80000, 0x00000007ecd80000, 0x0000000800000000)
  eden space 16384K, 0% used [0x00000007eaa80000,0x00000007eaa80000,0x00000007eba80000)
  from space 9728K, 0% used [0x00000007eba80000,0x00000007eba98000,0x00000007ec400000)
  to   space 9728K, 0% used [0x00000007ec400000,0x00000007ec400000,0x00000007ecd80000)
 ParOldGen       total 43520K, used 15815K [0x00000007c0000000, 0x00000007c2a80000, 0x00000007eaa80000)
  object space 43520K, 36% used [0x00000007c0000000,0x00000007c0f71d60,0x00000007c2a80000)
 PSPermGen       total 21504K, used 13152K [0x00000007bae00000, 0x00000007bc300000, 0x00000007c0000000)
  object space 21504K, 61% used [0x00000007bae00000,0x00000007bbad8310,0x00000007bc300000)
}

