# JRE version: Java(TM) SE Runtime Environment (7.0_71-b14) (build 1.7.0_71-b14)
# Java VM: Java HotSpot(TM) 64-Bit Server VM (24.71-b01 mixed mode bsd-amd64 compressed oops)
Heap
 PSYoungGen      total 23040K, used 3617K [0x00000007eaa80000, 0x00000007ec900000, 0x0000000800000000)
  eden space 14848K, 23% used [0x00000007eaa80000,0x00000007eade06e0,0x00000007eb900000)
  from space 8192K, 1% used [0x00000007ec100000,0x00000007ec128000,0x00000007ec900000)
  to   space 8192K, 0% used [0x00000007eb900000,0x00000007eb900000,0x00000007ec100000)
 ParOldGen       total 43520K, used 12862K [0x00000007c0000000, 0x00000007c2a80000, 0x00000007eaa80000)
  object space 43520K, 29% used [0x00000007c0000000,0x00000007c0c8f920,0x00000007c2a80000)
 PSPermGen       total 21504K, used 13152K [0x00000007bae00000, 0x00000007bc300000, 0x00000007c0000000)
  object space 21504K, 61% used [0x00000007bae00000,0x00000007bbad8098,0x00000007bc300000)
GC Heap History (10 events):
Event: 32.888 GC heap before
{Heap before GC invocations=12 (full 0):
 PSYoungGen      total 24064K, used 13964K [0x00000007eaa80000, 0x00000007ecb00000, 0x0000000800000000)
  eden space 14848K, 93% used [0x00000007eaa80000,0x00000007eb80b138,0x00000007eb900000)
  from space 9216K, 1% used [0x00000007eb900000,0x00000007eb918000,0x00000007ec200000)
  to   space 9216K, 0% used [0x00000007ec200000,0x00000007ec200000,0x00000007ecb00000)
 ParOldGen       total 43520K, used 12790K [0x00000007c0000000, 0x00000007c2a80000, 0x00000007eaa80000)
  object space 43520K, 29% used [0x00000007c0000000,0x00000007c0c7d920,0x00000007c2a80000)
 PSPermGen       total 21504K, used 13151K [0x00000007bae00000, 0x00000007bc300000, 0x00000007c0000000)
  object space 21504K, 61% used [0x00000007bae00000,0x00000007bbad7f18,0x00000007bc300000)
Event: 32.889 GC heap after
Heap after GC invocations=12 (full 0):
 PSYoungGen      total 24064K, used 128K [0x00000007eaa80000, 0x00000007ecb00000, 0x0000000800000000)
  eden space 14848K, 0% used [0x00000007eaa80000,0x00000007eaa80000,0x00000007eb900000)
  from space 9216K, 1% used [0x00000007ec200000,0x00000007ec220000,0x00000007ecb00000)
  to   space 9216K, 0% used [0x00000007eb900000,0x00000007eb900000,0x00000007ec200000)
 ParOldGen       total 43520K, used 12806K [0x00000007c0000000, 0x00000007c2a80000, 0x00000007eaa80000)
  object space 43520K, 29% used [0x00000007c0000000,0x00000007c0c81920,0x00000007c2a80000)
 PSPermGen       total 21504K, used 13151K [0x00000007bae00000, 0x00000007bc300000, 0x00000007c0000000)
  object space 21504K, 61% used [0x00000007bae00000,0x00000007bbad7f18,0x00000007bc300000)
}
Event: 33.690 GC heap before
{Heap before GC invocations=13 (full 0):
 PSYoungGen      total 24064K, used 13961K [0x00000007eaa80000, 0x00000007ecb00000, 0x0000000800000000)
  eden space 14848K, 93% used [0x00000007eaa80000,0x00000007eb8026b0,0x00000007eb900000)
  from space 9216K, 1% used [0x00000007ec200000,0x00000007ec220000,0x00000007ecb00000)
  to   space 9216K, 0% used [0x00000007eb900000,0x00000007eb900000,0x00000007ec200000)
 ParOldGen       total 43520K, used 12806K [0x00000007c0000000, 0x00000007c2a80000, 0x00000007eaa80000)
  object space 43520K, 29% used [0x00000007c0000000,0x00000007c0c81920,0x00000007c2a80000)
 PSPermGen       total 21504K, used 13151K [0x00000007bae00000, 0x00000007bc300000, 0x00000007c0000000)
  object space 21504K, 61% used [0x00000007bae00000,0x00000007bbad7f18,0x00000007bc300000)
Event: 33.691 GC heap after
Heap after GC invocations=13 (full 0):
 PSYoungGen      total 15360K, used 96K [0x00000007eaa80000, 0x00000007eca00000, 0x0000000800000000)
  eden space 14848K, 0% used [0x00000007eaa80000,0x00000007eaa80000,0x00000007eb900000)
  from space 512K, 18% used [0x00000007eb900000,0x00000007eb918000,0x00000007eb980000)
  to   space 8704K, 0% used [0x00000007ec180000,0x00000007ec180000,0x00000007eca00000)
 ParOldGen       total 43520K, used 12822K [0x00000007c0000000, 0x00000007c2a80000, 0x00000007eaa80000)
  object space 43520K, 29% used [0x00000007c0000000,0x00000007c0c85920,0x00000007c2a80000)
 PSPermGen       total 21504K, used 13151K [0x00000007bae00000, 0x00000007bc300000, 0x00000007c0000000)
  object space 21504K, 61% used [0x00000007bae00000,0x00000007bbad7f18,0x00000007bc300000)
}
Event: 34.493 GC heap before
{Heap before GC invocations=14 (full 0):
 PSYoungGen      total 15360K, used 13930K [0x00000007eaa80000, 0x00000007eca00000, 0x0000000800000000)
  eden space 14848K, 93% used [0x00000007eaa80000,0x00000007eb802920,0x00000007eb900000)
  from space 512K, 18% used [0x00000007eb900000,0x00000007eb918000,0x00000007eb980000)
  to   space 8704K, 0% used [0x00000007ec180000,0x00000007ec180000,0x00000007eca00000)
 ParOldGen       total 43520K, used 12822K [0x00000007c0000000, 0x00000007c2a80000, 0x00000007eaa80000)
  object space 43520K, 29% used [0x00000007c0000000,0x00000007c0c85920,0x00000007c2a80000)
 PSPermGen       total 21504K, used 13151K [0x00000007bae00000, 0x00000007bc300000, 0x00000007c0000000)
  object space 21504K, 61% used [0x00000007bae00000,0x00000007bbad7fe0,0x00000007bc300000)
Event: 34.494 GC heap after
Heap after GC invocations=14 (full 0):
 PSYoungGen      total 23552K, used 96K [0x00000007eaa80000, 0x00000007eca00000, 0x0000000800000000)
  eden space 14848K, 0% used [0x00000007eaa80000,0x00000007eaa80000,0x00000007eb900000)
  from space 8704K, 1% used [0x00000007ec180000,0x00000007ec198000,0x00000007eca00000)
  to   space 8704K, 0% used [0x00000007eb900000,0x00000007eb900000,0x00000007ec180000)
 ParOldGen       total 43520K, used 12830K [0x00000007c0000000, 0x00000007c2a80000, 0x00000007eaa80000)
  object space 43520K, 29% used [0x00000007c0000000,0x00000007c0c87920,0x00000007c2a80000)
 PSPermGen       total 21504K, used 13151K [0x00000007bae00000, 0x00000007bc300000, 0x00000007c0000000)
  object space 21504K, 61% used [0x00000007bae00000,0x00000007bbad7fe0,0x00000007bc300000)
}
Event: 35.297 GC heap before
{Heap before GC invocations=15 (full 0):
 PSYoungGen      total 23552K, used 13931K [0x00000007eaa80000, 0x00000007eca00000, 0x0000000800000000)
  eden space 14848K, 93% used [0x00000007eaa80000,0x00000007eb802fe8,0x00000007eb900000)
  from space 8704K, 1% used [0x00000007ec180000,0x00000007ec198000,0x00000007eca00000)
  to   space 8704K, 0% used [0x00000007eb900000,0x00000007eb900000,0x00000007ec180000)
 ParOldGen       total 43520K, used 12830K [0x00000007c0000000, 0x00000007c2a80000, 0x00000007eaa80000)
  object space 43520K, 29% used [0x00000007c0000000,0x00000007c0c87920,0x00000007c2a80000)
 PSPermGen       total 21504K, used 13151K [0x00000007bae00000, 0x00000007bc300000, 0x00000007c0000000)
  object space 21504K, 61% used [0x00000007bae00000,0x00000007bbad7fe0,0x00000007bc300000)
Event: 35.298 GC heap after
Heap after GC invocations=15 (full 0):
 PSYoungGen      total 15360K, used 96K [0x00000007eaa80000, 0x00000007ec900000, 0x0000000800000000)
  eden space 14848K, 0% used [0x00000007eaa80000,0x00000007eaa80000,0x00000007eb900000)
  from space 512K, 18% used [0x00000007eb900000,0x00000007eb918000,0x00000007eb980000)
  to   space 8192K, 0% used [0x00000007ec100000,0x00000007ec100000,0x00000007ec900000)
 ParOldGen       total 43520K, used 12846K [0x00000007c0000000, 0x00000007c2a80000, 0x00000007eaa80000)
  object space 43520K, 29% used [0x00000007c0000000,0x00000007c0c8b920,0x00000007c2a80000)
 PSPermGen       total 21504K, used 13151K [0x00000007bae00000, 0x00000007bc300000, 0x00000007c0000000)
  object space 21504K, 61% used [0x00000007bae00000,0x00000007bbad7fe0,0x00000007bc300000)
}
Event: 37.988 GC heap before
{Heap before GC invocations=16 (full 0):
 PSYoungGen      total 15360K, used 13985K [0x00000007eaa80000, 0x00000007ec900000, 0x0000000800000000)
  eden space 14848K, 93% used [0x00000007eaa80000,0x00000007eb810760,0x00000007eb900000)
  from space 512K, 18% used [0x00000007eb900000,0x00000007eb918000,0x00000007eb980000)
  to   space 8192K, 0% used [0x00000007ec100000,0x00000007ec100000,0x00000007ec900000)
 ParOldGen       total 43520K, used 12846K [0x00000007c0000000, 0x00000007c2a80000, 0x00000007eaa80000)
  object space 43520K, 29% used [0x00000007c0000000,0x00000007c0c8b920,0x00000007c2a80000)
 PSPermGen       total 21504K, used 13152K [0x00000007bae00000, 0x00000007bc300000, 0x00000007c0000000)
  object space 21504K, 61% used [0x00000007bae00000,0x00000007bbad8098,0x00000007bc300000)
Event: 37.990 GC heap after
Heap after GC invocations=16 (full 0):
 PSYoungGen      total 23040K, used 160K [0x00000007eaa80000, 0x00000007ec900000, 0x0000000800000000)
  eden space 14848K, 0% used [0x00000007eaa80000,0x00000007eaa80000,0x00000007eb900000)
  from space 8192K, 1% used [0x00000007ec100000,0x00000007ec128000,0x00000007ec900000)
  to   space 8192K, 0% used [0x00000007eb900000,0x00000007eb900000,0x00000007ec100000)
 ParOldGen       total 43520K, used 12862K [0x00000007c0000000, 0x00000007c2a80000, 0x00000007eaa80000)
  object space 43520K, 29% used [0x00000007c0000000,0x00000007c0c8f920,0x00000007c2a80000)
 PSPermGen       total 21504K, used 13152K [0x00000007bae00000, 0x00000007bc300000, 0x00000007c0000000)
  object space 21504K, 61% used [0x00000007bae00000,0x00000007bbad8098,0x00000007bc300000)
}

